
Creating sequence ESSCHOOL
==========================


create sequence ESSCHOOL
minvalue 0
maxvalue 999999
start with 740
increment by 1
cache 20

ORA-00955: 名称已由现有对象使用

Creating sequence ESSTUDENT
===========================


Sequence created

Creating sequence SEQ_AREAINFO
==============================


Sequence created

Creating sequence SEQ_BASIS_ALL_SCH
===================================


Sequence created

Creating sequence SEQ_BASIS_ALL_SCHO
====================================


Sequence created

Creating sequence SEQ_BASIS_ALL_TECH
====================================


Sequence created

Creating sequence SEQ_BASIS_AREA
================================


Sequence created

Creating sequence SEQ_BASIS_ARENA
=================================


Sequence created

Creating sequence SEQ_BASIS_CLASS
=================================


Sequence created

Creating sequence SEQ_BASIS_COACH
=================================


Sequence created

Creating sequence SEQ_BASIS_COURSE
==================================


Sequence created

Creating sequence SEQ_BASIS_COURSE_EVENT
========================================


Sequence created

Creating sequence SEQ_BASIS_CREDIT
==================================


Sequence created

Creating sequence SEQ_BASIS_DEGREE
==================================


Sequence created

Creating sequence SEQ_BASIS_EDUADMIN
====================================


Sequence created

Creating sequence SEQ_BASIS_EDUADMIN_EVENT
==========================================


Sequence created

Creating sequence SEQ_BASIS_FAMILY
==================================


Sequence created

Creating sequence SEQ_BASIS_GRADE
=================================


Sequence created

Creating sequence SEQ_BASIS_GROUP
=================================


Sequence created

Creating sequence SEQ_BASIS_GROUPUSER
=====================================


Sequence created

Creating sequence SEQ_BASIS_HOT_LINK
====================================


Sequence created

Creating sequence SEQ_BASIS_PARENTS
===================================


Sequence created

Creating sequence SEQ_BASIS_PRAISES
===================================


Sequence created

Creating sequence SEQ_BASIS_PROFESSION_RESUME
=============================================


Sequence created

Creating sequence SEQ_BASIS_PROVIDER
====================================


Sequence created

Creating sequence SEQ_BASIS_PROVUSER
====================================


Sequence created

Creating sequence SEQ_BASIS_ROLL_PARENTS
========================================


Sequence created

Creating sequence SEQ_BASIS_SCH
===============================


Sequence created

Creating sequence SEQ_BASIS_SCHADMIN
====================================


Sequence created

Creating sequence SEQ_BASIS_SCHBASE_COURSE
==========================================


Sequence created

Creating sequence SEQ_BASIS_SCHOOL
==================================


Sequence created

Creating sequence SEQ_BASIS_SCH_YEAR
====================================


Sequence created

Creating sequence SEQ_BASIS_SEMESTER
====================================


Sequence created

Creating sequence SEQ_BASIS_SOCIETY_DETAILS
===========================================


Sequence created

Creating sequence SEQ_BASIS_SOCIETY_DEYAILS
===========================================


Sequence created

Creating sequence SEQ_BASIS_STUDENT
===================================


Sequence created

Creating sequence SEQ_BASIS_STUEXPAND
=====================================


Sequence created

Creating sequence SEQ_BASIS_STUPRAISES
======================================


Sequence created

Creating sequence SEQ_BASIS_STU_EVENT
=====================================


Sequence created

Creating sequence SEQ_BASIS_STU_ROLL
====================================


Sequence created

Creating sequence SEQ_BASIS_TASK
================================


Sequence created

Creating sequence SEQ_BASIS_TEACHER
===================================


Sequence created

Creating sequence SEQ_BASIS_TEACHEREXPOND
=========================================


Sequence created

Creating sequence SEQ_BASIS_TECHWORK
====================================


Sequence created

Creating sequence SEQ_BASIS_TECH_CHECK
======================================


Sequence created

Creating sequence SEQ_BASIS_TECH_COURSE
=======================================


Sequence created

Creating sequence SEQ_BASIS_TECH_EVENT
======================================


Sequence created

Creating sequence SEQ_BASIS_THESIS
==================================


Sequence created

Creating sequence SEQ_BASIS_TRAIN
=================================


Sequence created

Creating sequence SEQ_BASIS_VIDEOMONITOR
========================================


Sequence created

Creating sequence SEQ_BASIS_WORK
================================


Sequence created

Creating sequence SEQ_BASIS_WORK_WELFARE
========================================


Sequence created

Creating sequence SEQ_BIZ_INFO
==============================


Sequence created

Creating sequence SEQ_BIZ_OPEN_EVENT
====================================


Sequence created

Creating sequence SEQ_BIZ_ORDER_EVENT
=====================================


Sequence created

Creating sequence SEQ_BIZ_ORDER_HISTORY
=======================================


Sequence created

Creating sequence SEQ_BIZ_ORDER_ISMP_UPDATE
===========================================


Sequence created

Creating sequence SEQ_BIZ_ORDER_STREAMNO
========================================


Sequence created

Creating sequence SEQ_BIZ_USERINFO
==================================


Sequence created

Creating sequence SEQ_BUSINESS_PLATFORM_ORG
===========================================


Sequence created

Creating sequence SEQ_CLASS_TEST
================================


Sequence created

Creating sequence SEQ_CODE_BOOK
===============================


Sequence created

Creating sequence SEQ_EASY_CLASS
================================


Sequence created

Creating sequence SEQ_EASY_MANY
===============================


Sequence created

Creating sequence SEQ_EASY_ONE
==============================


Sequence created

Creating sequence SEQ_EASY_SCHOOL
=================================


Sequence created

Creating sequence SEQ_EASY_STUDENT
==================================


Sequence created

Creating sequence SEQ_EASY_TEACHER
==================================


Sequence created

Creating sequence SEQ_ES_ADVERTISE
==================================


Sequence created

Creating sequence SEQ_ES_ALBUM
==============================


Sequence created

Creating sequence SEQ_ES_BOOK
=============================


Sequence created

Creating sequence SEQ_ES_CHECKCONTENT
=====================================


Sequence created

Creating sequence SEQ_ES_CLASS
==============================


Sequence created

Creating sequence SEQ_ES_CS
===========================


Sequence created

Creating sequence SEQ_ES_CUMT
=============================


Sequence created

Creating sequence SEQ_ES_ERROR
==============================


Sequence created

Creating sequence SEQ_ES_EVALUATION
===================================


Sequence created

Creating sequence SEQ_ES_FEEDBACK
=================================


Sequence created

Creating sequence SEQ_ES_INSTITUTION
====================================


Sequence created

Creating sequence SEQ_ES_PICTURE
================================


Sequence created

Creating sequence SEQ_ES_REPLY
==============================


Sequence created

Creating sequence SEQ_ES_REPORT
===============================


Sequence created

Creating sequence SEQ_ES_SCHOOL
===============================


Sequence created

Creating sequence SEQ_ES_SCHOOLZERO
===================================


Sequence created

Creating sequence SEQ_ES_SEO
============================


Sequence created

Creating sequence SEQ_ES_STUDENT
================================


Sequence created

Creating sequence SEQ_EXTERNAL_EVENT
====================================


Sequence created

Creating sequence SEQ_EXTERNAL_ORG
==================================


Sequence created

Creating sequence SEQ_EXTERNAL_PERSON
=====================================


Sequence created

Creating sequence SEQ_EXTERNAL_RELATION
=======================================


Sequence created

Creating sequence SEQ_EXTERNAL_SOURCE
=====================================


Sequence created

Creating sequence SEQ_GROUPINFO
===============================


Sequence created

Creating sequence SEQ_IMSGBOX
=============================


Sequence created

Creating sequence SEQ_LOGIN_HISTORY
===================================


Sequence created

Creating sequence SEQ_MSG_HISTORY
=================================


Sequence created

Creating sequence SEQ_MSG_REPORT_CFG
====================================


Sequence created

Creating sequence SEQ_OAUTH_CLIENT_DETAILS
==========================================


Sequence created

Creating sequence SEQ_OA_ASSIGNMENT
===================================


Sequence created

Creating sequence SEQ_OA_ASSIGNMENT_TO_STU
==========================================


Sequence created

Creating sequence SEQ_OPEN_API_CLIENT
=====================================


Sequence created

Creating sequence SEQ_OPEN_API_INFO
===================================


Sequence created

Creating sequence SEQ_OPERATE_LOG
=================================


Sequence created

Creating sequence SEQ_OPERATE_LOG_DETAIL
========================================


Sequence created

Creating sequence SEQ_ORGANIZATION
==================================


Sequence created

Creating sequence SEQ_ORGANIZATION_RELATION
===========================================


Sequence created

Creating sequence SEQ_ORGANIZATION_USERINFO
===========================================


Sequence created

Creating sequence SEQ_ORGANIZATION_USERINFO_BAK
===============================================


Sequence created

Creating sequence SEQ_PAYHISTORY
================================


Sequence created

Creating sequence SEQ_PAYINFO
=============================


Sequence created

Creating sequence SEQ_PERMISSION
================================


Sequence created

Creating sequence SEQ_PERMISSION_GROUP
======================================


Sequence created

Creating sequence SEQ_PERMISSION_IDENTITY
=========================================


Sequence created

Creating sequence SEQ_PERMISSION_ORGANIZATION
=============================================


Sequence created

Creating sequence SEQ_PERMISSION_PLATFORM
=========================================


Sequence created

Creating sequence SEQ_PLATFORM
==============================


Sequence created

Creating sequence SEQ_PLATFORM_USER_RELATION
============================================


Sequence created

Creating sequence SEQ_PS_PERSON_MESSAGES
========================================


Sequence created

Creating sequence SEQ_ROLL_STU_BASIS
====================================


Sequence created

Creating sequence SEQ_RULL_STU
==============================


Sequence created

Creating sequence SEQ_RULL_STU_ASSIST
=====================================


Sequence created

Creating sequence SEQ_RULL_STU_BASIS
====================================


Sequence created

Creating sequence SEQ_RULL_STU_CONTACT
======================================


Sequence created

Creating sequence SEQ_RULL_STU_EXPAND
=====================================


Sequence created

Creating sequence SEQ_RULL_STU_FAMILY
=====================================


Sequence created

Creating sequence SEQ_RULL_STU_PARENTS
======================================


Sequence created

Creating sequence SEQ_RULL_STU_TRAFFIC
======================================


Sequence created

Creating sequence SEQ_SCHOOL
============================


Sequence created

Creating sequence SEQ_SCHOOL_TEST
=================================


Sequence created

Creating sequence SEQ_STATIC_FILE
=================================


Sequence created

Creating sequence SEQ_STUDENT
=============================


Sequence created

Creating sequence SEQ_STUDENT_TEST
==================================


Sequence created

Creating sequence SEQ_SYN_CHANGE_EVENT
======================================


Sequence created

Creating sequence SEQ_SYS_CONFIG
================================


Sequence created

Creating sequence SEQ_UPDATE_RECORD
===================================


Sequence created

Creating sequence SEQ_USERINFO
==============================


Sequence created

Creating sequence SEQ_USERINFO_ACCOUNT
======================================


Sequence created

Creating sequence SEQ_USERINFO_EXTEND
=====================================


Sequence created

Creating sequence SEQ_USERINFO_FRIENDS
======================================


Sequence created

Creating sequence SEQ_USERINFO_GROUP
====================================


Sequence created

Creating sequence SEQ_USERINFO_IDENTITY
=======================================


Sequence created

Creating sequence SEQ_USERINFO_ORGANIZATION
===========================================


Sequence created

Creating sequence SEQ_VALIDATE_CODE
===================================


Sequence created

Creating sequence SEQ_VIEW_BASIS_STUDENT
========================================


Sequence created

Creating sequence SEQ_VIEW_BASIS_TECH
=====================================


Sequence created

Creating sequence SEQ_ZHXY_CLASS
================================


Sequence created
